07:54:45 [INFO] Right
07:54:45 [INFO] Ok(None)
07:54:46 [INFO] Right
07:54:46 [INFO] Ok(None)
07:54:46 [INFO] Enter
07:54:46 [INFO] Ok(None)
07:54:47 [INFO] Enter
07:54:47 [INFO] Ok(None)
07:54:47 [INFO] Enter
07:54:47 [INFO] Ok(None)
07:54:48 [INFO] Enter
07:54:48 [INFO] Ok(None)
07:54:48 [INFO] Enter
07:54:48 [INFO] Ok(None)
07:54:49 [INFO] Enter
07:54:49 [INFO] Ok(None)
07:54:50 [INFO] Enter
07:54:50 [INFO] Ok(None)
07:54:50 [INFO] Enter
07:54:50 [INFO] Ok(None)
07:54:51 [INFO] Enter
07:54:51 [INFO] Ok(None)
07:54:51 [INFO] Char('f')
07:54:51 [INFO] Ok(None)
07:54:52 [INFO] Char('g')
07:54:52 [INFO] Ok(None)
07:54:52 [INFO] Char('r')
07:54:52 [INFO] Ok(None)
07:54:52 [INFO] Char('a')
07:54:52 [INFO] Ok(None)
07:54:52 [INFO] Char('p')
07:54:52 [INFO] Ok(None)
07:54:52 [INFO] Char('h')
07:54:52 [INFO] Ok(None)
07:54:52 [INFO] Char('1')
07:54:52 [INFO] Ok(None)
07:54:54 [INFO] Char('_')
07:54:54 [INFO] Ok(None)
07:54:54 [INFO] Char('s')
07:54:54 [INFO] Ok(None)
07:54:54 [INFO] Char('u')
07:54:54 [INFO] Ok(None)
07:54:55 [INFO] Char('b')
07:54:55 [INFO] Ok(None)
07:54:55 [INFO] Char('g')
07:54:55 [INFO] Ok(None)
07:54:55 [INFO] Char('r')
07:54:55 [INFO] Ok(None)
07:54:55 [INFO] Char('a')
07:54:55 [INFO] Ok(None)
07:54:55 [INFO] Char('p')
07:54:55 [INFO] Ok(None)
07:54:55 [INFO] Char('h')
07:54:55 [INFO] Ok(None)
07:54:55 [INFO] Char('2')
07:54:56 [INFO] Ok(None)
07:54:56 [INFO] Char('3')
07:54:56 [INFO] Ok(None)
07:54:58 [INFO] Char('_')
07:54:58 [INFO] Ok(None)
07:54:58 [INFO] Char('t')
07:54:58 [INFO] Ok(None)
07:54:58 [INFO] Char('e')
07:54:58 [INFO] Ok(None)
07:54:58 [INFO] Char('n')
07:54:58 [INFO] Ok(None)
07:54:58 [INFO] Char('s')
07:54:58 [INFO] Ok(None)
07:54:58 [INFO] Char('r')
07:54:58 [INFO] Ok(None)
07:54:59 [INFO] Char('o')
07:54:59 [INFO] Ok(None)
07:55:02 [INFO] Backspace
07:55:02 [INFO] Ok(None)
07:55:02 [INFO] Backspace
07:55:02 [INFO] Ok(None)
07:55:03 [INFO] Tab
07:55:03 [INFO] Ok(None)
07:55:04 [INFO] Char('1')
07:55:04 [INFO] Ok(None)
07:55:04 [INFO] Char('2')
07:55:04 [INFO] Ok(None)
07:55:05 [INFO] Char('2')
07:55:05 [INFO] Ok(None)
07:55:05 [INFO] Backspace
07:55:05 [INFO] Ok(None)
07:55:06 [INFO] Down
07:55:06 [INFO] Ok(None)
07:55:06 [INFO] Enter
07:55:06 [INFO] Ok(None)
07:55:12 [INFO] Char('c')
07:55:12 [INFO] Ok(None)
07:55:14 [INFO] Char('q')
07:55:14 [INFO] Ok(None)
